[chunk 1] candidates 15..30 of 50  (budget 220.0s)
  [15] add1and11_0..11 B=23 d=24 T=39: val=1.1456993  best=1.1622030  tried=16  (2.8s)
  [16] add1and11_0..11 B=23 d=24 T=42: val=1.1455567  best=1.1622030  tried=17  (2.8s)
  [17] add1and11_0..11 B=23 d=24 T=45: val=1.1446086  best=1.1622030  tried=18  (2.9s)
  [18] add1and11_0..11 B=23 d=24 T=48: val=1.1428937  best=1.1622030  tried=19  (3.3s)
  [19] add1and11_0..11 B=23 d=24 T=54: val=1.1373147  best=1.1622030  tried=20  (3.8s)
  [20] drop2_0_3..10 B=21 d=24 T=39: val=1.1261364  best=1.1622030  tried=21  (7.8s)
  [21] drop2_0_3..10 B=21 d=24 T=42: val=1.1333091  best=1.1622030  tried=22  (8.6s)
  [22] drop2_0_3..10 B=21 d=24 T=45: val=1.1396253  best=1.1622030  tried=23  (10.3s)
  [23] drop2_0_3..10 B=21 d=24 T=48: val=1.1450336  best=1.1622030  tried=24  (11.2s)
  [24] drop2_0_3..10 B=21 d=24 T=54: val=1.1529273  best=1.1622030  tried=25  (15.9s)
  [25] 0_2..9 B=19 d=24 T=39: val=1.1574008  best=1.1622030  tried=26  (3.6s)
  [26] 0_2..9 B=19 d=24 T=42: val=1.1602756  best=1.1622030  tried=27  (4.8s)
  [27] 0_2..9 B=19 d=24 T=45: val=1.1615236  best=1.1622030  tried=28  (5.2s)
  [28] 0_2..9 B=19 d=24 T=48: val=1.1611727  best=1.1622030  tried=29  (6.4s)
  [29] 0_2..9 B=19 d=24 T=54: val=1.1558825  best=1.1622030  tried=30  (8.0s)
[chunk 1] top-5 screen values so far:
    1.1622030  ['rec_0_2..10', 21, 24, 48]
    1.1619434  ['add11_0_2..11', 23, 24, 54]
    1.1615767  ['add11_0_2..11', 23, 24, 48]
    1.1615236  ['0_2..9', 19, 24, 45]
    1.1612192  ['rec_0_2..10', 21, 24, 45]
[chunk 1] DONE tried=30 elapsed=97.5s
