[chunk 0] candidates 0..15 of 50  (budget 220.0s)
  [0] rec_0_2..10 B=21 d=24 T=39: val=1.1551317  best=1.1551317  tried=1  (6.4s)
  [1] rec_0_2..10 B=21 d=24 T=42: val=1.1588720  best=1.1588720  tried=2  (8.5s)
  [2] rec_0_2..10 B=21 d=24 T=45: val=1.1612192  best=1.1612192  tried=3  (11.1s)
  [3] rec_0_2..10 B=21 d=24 T=48: val=1.1622030  best=1.1622030  tried=4  (11.2s)
  [4] rec_0_2..10 B=21 d=24 T=54: val=1.1602454  best=1.1622030  tried=5  (9.3s)
  [5] add1_0..10 B=21 d=24 T=39: val=1.1465696  best=1.1622030  tried=6  (2.5s)
  [6] add1_0..10 B=21 d=24 T=42: val=1.1454059  best=1.1622030  tried=7  (2.7s)
  [7] add1_0..10 B=21 d=24 T=45: val=1.1433006  best=1.1622030  tried=8  (2.6s)
  [8] add1_0..10 B=21 d=24 T=48: val=1.1403064  best=1.1622030  tried=9  (3.4s)
  [9] add1_0..10 B=21 d=24 T=54: val=1.1318780  best=1.1622030  tried=10  (3.3s)
  [10] add11_0_2..11 B=23 d=24 T=39: val=1.1523636  best=1.1622030  tried=11  (5.7s)
  [11] add11_0_2..11 B=23 d=24 T=42: val=1.1566394  best=1.1622030  tried=12  (7.1s)
  [12] add11_0_2..11 B=23 d=24 T=45: val=1.1596990  best=1.1622030  tried=13  (7.1s)
  [13] add11_0_2..11 B=23 d=24 T=48: val=1.1615767  best=1.1622030  tried=14  (7.6s)
  [14] add11_0_2..11 B=23 d=24 T=54: val=1.1619434  best=1.1622030  tried=15  (9.6s)
[chunk 0] top-5 screen values so far:
    1.1622030  ['rec_0_2..10', 21, 24, 48]
    1.1619434  ['add11_0_2..11', 23, 24, 54]
    1.1615767  ['add11_0_2..11', 23, 24, 48]
    1.1612192  ['rec_0_2..10', 21, 24, 45]
    1.1602454  ['rec_0_2..10', 21, 24, 54]
[chunk 0] DONE tried=15 elapsed=98.0s
