=== CELL d80_T150  density=1.8750  (T=150, d=80) ===
  [d80_T150- pos 1/80] states=21 (0.0s)
  [d80_T150- pos 9/80] states=3686 (0.0s)
  [d80_T150- pos 17/80] states=13627 (0.2s)
  [d80_T150- pos 25/80] states=25627 (0.8s)
  [d80_T150- pos 33/80] states=37627 (1.8s)
  [d80_T150- pos 41/80] states=49627 (3.5s)
  [d80_T150- pos 49/80] states=61627 (5.4s)
  [d80_T150- pos 57/80] states=73627 (7.7s)
  [d80_T150- pos 65/80] states=85627 (10.5s)
  [d80_T150- pos 73/80] states=97627 (13.9s)
  [d80_T150- pos 80/80] states=108127 (17.1s)
  Nminus done: 96 digits (17.1s)
  [d80_T150+ pos 1/80] states=20 (0.0s)
  [d80_T150+ pos 5/80] states=1150 (0.0s)
  [d80_T150+ pos 9/80] states=4120 (0.1s)
  [d80_T150+ pos 13/80] states=8930 (0.4s)
  [d80_T150+ pos 17/80] states=15445 (0.8s)
  [d80_T150+ pos 21/80] states=22301 (1.6s)
  [d80_T150+ pos 25/80] states=29157 (2.7s)
  [d80_T150+ pos 29/80] states=36013 (4.4s)
  [d80_T150+ pos 33/80] states=42869 (6.5s)
  [d80_T150+ pos 37/80] states=49725 (8.7s)
  [d80_T150+ pos 41/80] states=56581 (11.4s)
  [d80_T150+ pos 45/80] states=63437 (14.5s)
  [d80_T150+ pos 49/80] states=70293 (17.7s)
  [d80_T150+ pos 53/80] states=77149 (23.7s)
  [d80_T150+ pos 57/80] states=84005 (29.4s)
  [d80_T150+ pos 61/80] states=90861 (33.8s)
  [d80_T150+ pos 65/80] states=97717 (38.8s)
  [d80_T150+ pos 69/80] states=104573 (43.8s)
  [d80_T150+ pos 73/80] states=111429 (53.5s)
  [d80_T150+ pos 77/80] states=118285 (60.2s)
  [d80_T150+ pos 80/80] states=123427 (65.7s)
  Nplus done: 77 digits (82.8s)
  value_new=1.1740744476935  value_record=1.1740744476935
  STRICT BEAT (exact)=False  wedge_c=None  (82.8s)
=== d80_T150 DONE strict_beat=False ===
=== CELL d100_T180  density=1.8000  (T=180, d=100) ===
  [d100_T180- pos 1/100] states=21 (0.0s)
  [d100_T180- pos 9/100] states=3686 (0.0s)
  [d100_T180- pos 17/100] states=13750 (0.3s)
  [d100_T180- pos 25/100] states=28051 (0.9s)
  [d100_T180- pos 33/100] states=42451 (1.9s)
  [d100_T180- pos 41/100] states=56851 (3.5s)
  [d100_T180- pos 49/100] states=71251 (5.4s)
  [d100_T180- pos 57/100] states=85651 (8.1s)
  [d100_T180- pos 65/100] states=100051 (13.5s)
  [d100_T180- pos 73/100] states=114451 (17.9s)
  [d100_T180- pos 81/100] states=128851 (22.3s)
  [d100_T180- pos 89/100] states=143251 (27.7s)
  [d100_T180- pos 97/100] states=157651 (37.5s)
  [d100_T180- pos 100/100] states=163051 (39.7s)
  Nminus done: 118 digits (39.7s)
  [d100_T180+ pos 1/100] states=20 (0.0s)
  [d100_T180+ pos 5/100] states=1150 (0.0s)
  [d100_T180+ pos 9/100] states=4120 (0.1s)
  [d100_T180+ pos 13/100] states=8930 (0.4s)
  [d100_T180+ pos 17/100] states=15580 (0.9s)
  [d100_T180+ pos 21/100] states=23699 (1.8s)
  [d100_T180+ pos 25/100] states=31935 (3.1s)
  [d100_T180+ pos 29/100] states=40171 (4.7s)
  [d100_T180+ pos 33/100] states=48407 (6.8s)
  [d100_T180+ pos 37/100] states=56643 (9.3s)
  [d100_T180+ pos 41/100] states=64879 (12.2s)
  [d100_T180+ pos 45/100] states=73115 (15.6s)
  [d100_T180+ pos 49/100] states=81351 (22.4s)
  [d100_T180+ pos 53/100] states=89587 (27.7s)
  [d100_T180+ pos 57/100] states=97823 (32.7s)
  [d100_T180+ pos 61/100] states=106059 (38.5s)
  [d100_T180+ pos 65/100] states=114295 (44.8s)
  [d100_T180+ pos 69/100] states=122531 (52.4s)
  [d100_T180+ pos 73/100] states=130767 (62.2s)
  [d100_T180+ pos 77/100] states=139003 (69.5s)
  [d100_T180+ pos 81/100] states=147239 (77.2s)
  [d100_T180+ pos 85/100] states=155475 (84.8s)
  [d100_T180+ pos 89/100] states=163711 (93.5s)
  [d100_T180+ pos 93/100] states=171947 (104.9s)
  [d100_T180+ pos 97/100] states=180183 (114.8s)
  [d100_T180+ pos 100/100] states=186360 (122.0s)
  Nplus done: 95 digits (161.8s)
=== CELL d100_T180  density=1.8000  (T=180, d=100) ===
  [d100_T180- pos 1/100] states=21 (0.0s)
  [d100_T180- pos 9/100] states=3686 (0.0s)
  [d100_T180- pos 17/100] states=13750 (0.2s)
  [d100_T180- pos 25/100] states=28051 (0.8s)
  [d100_T180- pos 33/100] states=42451 (2.0s)
  [d100_T180- pos 41/100] states=56851 (3.7s)
  [d100_T180- pos 49/100] states=71251 (5.7s)
  [d100_T180- pos 57/100] states=85651 (8.4s)
  [d100_T180- pos 65/100] states=100051 (11.5s)
  [d100_T180- pos 73/100] states=114451 (15.1s)
  [d100_T180- pos 81/100] states=128851 (19.4s)
  [d100_T180- pos 89/100] states=143251 (23.9s)
  [d100_T180- pos 97/100] states=157651 (28.9s)
  [d100_T180- pos 100/100] states=163051 (30.9s)
  Nminus done: 118 digits (31.0s)
  [d100_T180+ pos 1/100] states=20 (0.0s)
  [d100_T180+ pos 5/100] states=1150 (0.0s)
  [d100_T180+ pos 9/100] states=4120 (0.1s)
  [d100_T180+ pos 13/100] states=8930 (0.3s)
  [d100_T180+ pos 17/100] states=15580 (0.8s)
  [d100_T180+ pos 21/100] states=23699 (1.5s)
  [d100_T180+ pos 25/100] states=31935 (2.8s)
  [d100_T180+ pos 29/100] states=40171 (4.5s)
  [d100_T180+ pos 33/100] states=48407 (6.5s)
  [d100_T180+ pos 37/100] states=56643 (8.9s)
  [d100_T180+ pos 41/100] states=64879 (11.9s)
  [d100_T180+ pos 45/100] states=73115 (15.2s)
  [d100_T180+ pos 49/100] states=81351 (18.8s)
  [d100_T180+ pos 53/100] states=89587 (23.0s)
  [d100_T180+ pos 57/100] states=97823 (27.5s)
  [d100_T180+ pos 61/100] states=106059 (33.3s)
  [d100_T180+ pos 65/100] states=114295 (39.2s)
  [d100_T180+ pos 69/100] states=122531 (45.2s)
  [d100_T180+ pos 73/100] states=130767 (51.5s)
  [d100_T180+ pos 77/100] states=139003 (58.4s)
  [d100_T180+ pos 81/100] states=147239 (65.5s)
  [d100_T180+ pos 85/100] states=155475 (73.0s)
  [d100_T180+ pos 89/100] states=163711 (80.8s)
  [d100_T180+ pos 93/100] states=171947 (88.9s)
  [d100_T180+ pos 97/100] states=180183 (98.1s)
  [d100_T180+ pos 100/100] states=186360 (105.4s)
  Nplus done: 95 digits (136.4s)
  counts persisted; value_new=1.1748968370899 value_record=1.1740744476935
  value_new=1.1748968370899  value_record=1.1740744476935
  STRICT BEAT (exact)=True  wedge_c=2937/2500  (137.5s)
=== d100_T180 DONE strict_beat=True ===
=== CELL d100_T187  density=1.8700  (T=187, d=100) ===
  [d100_T187- pos 1/100] states=21 (0.0s)
  [d100_T187- pos 9/100] states=3686 (0.0s)
  [d100_T187- pos 17/100] states=13750 (0.2s)
  [d100_T187- pos 25/100] states=28479 (0.8s)
  [d100_T187- pos 33/100] states=43439 (1.8s)
  [d100_T187- pos 41/100] states=58399 (3.3s)
  [d100_T187- pos 49/100] states=73359 (5.3s)
  [d100_T187- pos 57/100] states=88319 (7.7s)
  [d100_T187- pos 65/100] states=103279 (10.7s)
  [d100_T187- pos 73/100] states=118239 (14.2s)
  [d100_T187- pos 81/100] states=133199 (18.2s)
  [d100_T187- pos 89/100] states=148159 (22.7s)
  [d100_T187- pos 97/100] states=163119 (27.7s)
  [d100_T187- pos 100/100] states=168729 (29.7s)
  Nminus done: 120 digits (29.7s)
  [d100_T187+ pos 1/100] states=20 (0.0s)
  [d100_T187+ pos 5/100] states=1150 (0.0s)
  [d100_T187+ pos 9/100] states=4120 (0.1s)
  [d100_T187+ pos 13/100] states=8930 (0.3s)
  [d100_T187+ pos 17/100] states=15580 (0.8s)
  [d100_T187+ pos 21/100] states=23875 (1.5s)
  [d100_T187+ pos 25/100] states=32451 (2.6s)
  [d100_T187+ pos 29/100] states=41027 (4.1s)
  [d100_T187+ pos 33/100] states=49603 (6.0s)
  [d100_T187+ pos 37/100] states=58179 (8.5s)
  [d100_T187+ pos 41/100] states=66755 (11.5s)
  [d100_T187+ pos 45/100] states=75331 (15.2s)
  [d100_T187+ pos 49/100] states=83907 (19.3s)
  [d100_T187+ pos 53/100] states=92483 (23.7s)
  [d100_T187+ pos 57/100] states=101059 (28.5s)
  [d100_T187+ pos 61/100] states=109635 (33.7s)
  [d100_T187+ pos 65/100] states=118211 (39.4s)
  [d100_T187+ pos 69/100] states=126787 (45.6s)
  [d100_T187+ pos 73/100] states=135363 (52.0s)
  [d100_T187+ pos 77/100] states=143939 (59.0s)
  [d100_T187+ pos 81/100] states=152515 (66.6s)
  [d100_T187+ pos 85/100] states=161091 (75.5s)
  [d100_T187+ pos 89/100] states=169667 (84.6s)
  [d100_T187+ pos 93/100] states=178243 (93.6s)
  [d100_T187+ pos 97/100] states=186819 (103.1s)
  [d100_T187+ pos 100/100] states=193251 (110.2s)
  Nplus done: 97 digits (140.0s)
  counts persisted; value_new=1.1754209217852 value_record=1.1740744476935
  value_new=1.1754209217852  value_record=1.1740744476935
  STRICT BEAT (exact)=True  wedge_c=5877/5000  (140.5s)
=== d100_T187 DONE strict_beat=True ===
